{"level":"info","message":"posts obtidos com sucesso!"}
{"level":"info","message":"posts obtidos com sucesso!"}
{"level":"info","message":"posts obtidos com sucesso!"}
{"level":"info","message":"posts obtidos com sucesso!"}
{"level":"info","message":"posts obtidos com sucesso!"}
{"level":"info","message":"posts obtidos com sucesso!"}
{"level":"info","message":"posts obtidos com sucesso!"}
{"level":"info","message":"posts obtidos com sucesso!"}
{"level":"info","message":"posts obtidos com sucesso!"}
{"level":"info","message":"posts obtidos com sucesso!"}
{"level":"info","message":"posts obtidos com sucesso!"}
{"level":"info","message":"posts obtidos com sucesso!"}
{"level":"info","message":"posts obtidos com sucesso!"}
{"level":"info","message":"posts obtidos com sucesso!"}
{"level":"error","message":"posts obtidos com sucesso!"}
{"level":"error","message":"posts obtidos com sucesso!"}
{"level":"info","message":"posts obtidos com sucesso!"}
{"level":"info","message":"posts obtidos com sucesso!"}
{"level":"error","message":"Não foi possivel trazer os dados dos posts"}
{"level":"error","message":"Não foi possivel trazer os dados dos posts"}
{"level":"info","message":"posts obtidos com sucesso!"}
{"level":"info","message":"posts obtidos com sucesso!"}
{"level":"info","message":"posts obtidos com sucesso!"}
{"level":"info","message":"posts obtidos com sucesso!"}
{"level":"info","message":"posts obtidos com sucesso!"}
{"level":"info","message":"posts obtidos com sucesso!"}
{"level":"info","message":"posts obtidos com sucesso!"}
{"level":"info","message":"posts obtidos com sucesso!"}
{"level":"info","message":"posts obtidos com sucesso!"}
{"level":"info","message":"posts obtidos com sucesso!"}
{"level":"info","message":"posts obtidos com sucesso!"}
{"level":"info","message":"posts obtidos com sucesso!"}
{"level":"info","message":"posts obtidos com sucesso!"}
{"level":"info","message":"posts obtidos com sucesso!"}
{"level":"info","message":"posts obtidos com sucesso!"}
{"level":"info","message":"posts obtidos com sucesso!"}
{"level":"info","message":"posts obtidos com sucesso!"}
{"level":"info","message":"posts obtidos com sucesso!"}
{"level":"info","message":"posts obtidos com sucesso!"}
{"level":"info","message":"posts obtidos com sucesso!"}
{"level":"info","message":"posts obtidos com sucesso!"}
{"level":"info","message":"posts obtidos com sucesso!"}
{"level":"info","message":"posts obtidos com sucesso!"}
{"level":"info","message":"posts obtidos com sucesso!"}
{"level":"info","message":"posts obtidos com sucesso!"}
{"level":"info","message":"posts obtidos com sucesso!"}
{"level":"info","message":"posts obtidos com sucesso!"}
{"level":"info","message":"posts obtidos com sucesso!"}
{"level":"info","message":"posts obtidos com sucesso!"}
{"level":"info","message":"posts obtidos com sucesso!"}
{"level":"info","message":"posts obtidos com sucesso!"}
{"level":"info","message":"posts obtidos com sucesso!"}
{"level":"info","message":"posts obtidos com sucesso!"}
{"level":"info","message":"posts obtidos com sucesso!"}
{"level":"info","message":"posts obtidos com sucesso!"}
{"level":"info","message":"posts obtidos com sucesso!"}
{"level":"info","message":"posts obtidos com sucesso!"}
{"level":"info","message":"posts obtidos com sucesso!"}
{"level":"info","message":"posts obtidos com sucesso!"}
{"level":"info","message":"posts obtidos com sucesso!"}
{"level":"info","message":"posts obtidos com sucesso!"}
{"level":"info","message":"posts obtidos com sucesso!"}
{"level":"info","message":"posts obtidos com sucesso!"}
{"level":"info","message":"posts obtidos com sucesso!"}
{"level":"info","message":"posts obtidos com sucesso!"}
{"level":"info","message":"posts obtidos com sucesso!"}
{"level":"info","message":"posts obtidos com sucesso!"}
{"level":"info","message":"posts obtidos com sucesso!"}
{"level":"info","message":"posts obtidos com sucesso!"}
{"level":"info","message":"posts obtidos com sucesso!"}
{"level":"info","message":"posts obtidos com sucesso!"}
{"level":"info","message":"posts obtidos com sucesso!"}
{"level":"info","message":"posts obtidos com sucesso!"}
{"level":"info","message":"posts obtidos com sucesso!"}
{"level":"info","message":"posts obtidos com sucesso!"}
{"level":"info","message":"posts obtidos com sucesso!"}
{"level":"info","message":"posts obtidos com sucesso!"}
{"level":"info","message":"posts obtidos com sucesso!"}
{"level":"info","message":"posts obtidos com sucesso!"}
{"level":"info","message":"posts obtidos com sucesso!"}
{"level":"info","message":"posts obtidos com sucesso!"}
{"level":"info","message":"posts obtidos com sucesso!"}
{"level":"info","message":"posts obtidos com sucesso!"}
{"level":"info","message":"posts obtidos com sucesso!"}
{"level":"info","message":"getPostBySlug -> posts obtidos com sucesso!"}
{"level":"info","message":"getPostBySlug -> posts obtidos com sucesso!"}
{"level":"info","message":"getPostBySlug -> posts obtidos com sucesso!"}
{"level":"info","message":"getPostBySlug -> posts obtidos com sucesso!"}
{"level":"info","message":"getPostBySlug -> posts obtidos com sucesso!"}
{"level":"info","message":"getPostBySlug -> retornando post!"}
{"level":"info","message":"getPostBySlug -> posts obtidos com sucesso!"}
{"level":"info","message":"getPostBySlug -> retornando post!"}
{"level":"info","message":"getPostBySlug -> posts obtidos com sucesso!"}
{"level":"info","message":"getPostBySlug -> posts obtidos com sucesso!"}
{"level":"info","message":"getPostBySlug -> retornando post!"}
{"level":"info","message":"getPostBySlug -> posts obtidos com sucesso!"}
{"level":"info","message":"getPostBySlug -> retornando post!"}
{"level":"info","message":"getPostBySlug -> posts obtidos com sucesso!"}
{"level":"info","message":"getPostBySlug -> retornando post!"}
{"level":"info","message":"getPostBySlug -> posts obtidos com sucesso!"}
{"level":"info","message":"getPostBySlug -> retornando post!"}
{"level":"info","message":"getPostBySlug -> posts obtidos com sucesso!"}
{"level":"info","message":"getPostBySlug -> retornando post!"}
{"level":"info","message":"getPostBySlug -> posts obtidos com sucesso!"}
{"level":"info","message":"getPostBySlug -> retornando post!"}
{"level":"info","message":"getPostBySlug -> posts obtidos com sucesso!"}
{"level":"info","message":"getPostBySlug -> retornando post!"}
{"level":"info","message":"getPostBySlug -> posts obtidos com sucesso!"}
{"level":"info","message":"getPostBySlug -> retornando post!"}
{"level":"info","message":"getPostBySlug -> posts obtidos com sucesso!"}
{"level":"info","message":"getPostBySlug -> retornando post!"}
{"level":"info","message":"getPostBySlug -> posts obtidos com sucesso!"}
{"level":"info","message":"getPostBySlug -> retornando post!"}
{"level":"info","message":"getPostBySlug -> posts obtidos com sucesso!"}
{"level":"info","message":"getPostBySlug -> retornando post!"}
{"level":"info","message":"getPostBySlug -> posts obtidos com sucesso!"}
{"level":"info","message":"getPostBySlug -> retornando post!"}
{"level":"info","message":"getPostBySlug -> posts obtidos com sucesso!"}
{"level":"info","message":"getPostBySlug -> posts obtidos com sucesso!"}
{"level":"info","message":"getPostBySlug -> posts obtidos com sucesso!"}
{"level":"info","message":"getPostBySlug -> posts obtidos com sucesso!"}
{"level":"info","message":"getPostBySlug -> posts obtidos com sucesso!"}
{"level":"info","message":"getPostBySlug -> posts obtidos com sucesso!"}
{"level":"info","message":"getPostBySlug -> posts obtidos com sucesso!"}
{"level":"info","message":"posts obtidos com sucesso!"}
{"level":"info","message":"posts obtidos com sucesso!"}
{"level":"info","message":"posts obtidos com sucesso!"}
{"level":"info","message":"posts obtidos com sucesso!"}
{"level":"info","message":"posts obtidos com sucesso!"}
{"level":"info","message":"posts obtidos com sucesso!"}
{"level":"info","message":"getPostBySlug -> posts obtidos com sucesso!"}
{"level":"info","message":"posts obtidos com sucesso!"}
{"level":"info","message":"posts obtidos com sucesso!"}
{"level":"info","message":"getPostBySlug -> posts obtidos com sucesso!"}
{"level":"info","message":"posts obtidos com sucesso!"}
{"level":"info","message":"getPostBySlug -> posts obtidos com sucesso!"}
